[2023-04-02 13:18:21] Error text: Call to undefined function test() | File: C:\OSPanel\domains\framework\vendor\core\errorHandler.php | 
            Line: 64
=================================================================
[2023-04-02 13:18:21] Error text: include(errorsViews/dev.php): Failed to open stream: No such file or directory | File: C:\OSPanel\domains\framework\vendor\core\errorHandler.php | 
            Line: 29
=================================================================
[2023-04-02 13:19:31] Error text: Call to undefined function test() | File: C:\OSPanel\domains\framework\vendor\core\errorHandler.php | 
            Line: 64
=================================================================
[2023-04-02 13:48:26] Error text: syntax error, unexpected variable "$posts" | File: C:\OSPanel\domains\framework\app\controllers\MainController.php | 
            Line: 20
=================================================================
[2023-04-02 13:48:26] Error text: include(C:\OSPanel\domains\framework\publicpublic/errors/404.html): Failed to open stream: No such file or directory | File: C:\OSPanel\domains\framework\vendor\core\errorHandler.php | 
            Line: 33
=================================================================
[2023-04-02 13:48:26] Error text: ob_end_flush(): Failed to delete and flush buffer. No buffer to delete or flush | File: C:\OSPanel\domains\framework\vendor\core\errorHandler.php | 
            Line: 52
=================================================================
[2023-04-02 13:48:37] Error text: Cannot declare class vendor\core\ErrorHandler, because the name is already in use | File: C:\OSPanel\domains\framework\vendor\core\errorHandler.php | 
            Line: 7
=================================================================
[2023-04-02 13:48:37] Error text: include(C:\OSPanel\domains\framework\publicpublic/errors/404.html): Failed to open stream: No such file or directory | File: C:\OSPanel\domains\framework\vendor\core\errorHandler.php | 
            Line: 33
=================================================================
[2023-04-02 13:49:22] Error text: Cannot declare class vendor\core\ErrorHandler, because the name is already in use | File: C:\OSPanel\domains\framework\vendor\core\errorHandler.php | 
            Line: 7
=================================================================
[2023-04-02 13:49:22] Error text: include(C:\OSPanel\domains\framework\public/public/errors/404.html): Failed to open stream: No such file or directory | File: C:\OSPanel\domains\framework\vendor\core\errorHandler.php | 
            Line: 33
=================================================================
[2023-04-02 13:49:40] Error text: Cannot declare class vendor\core\ErrorHandler, because the name is already in use | File: C:\OSPanel\domains\framework\vendor\core\errorHandler.php | 
            Line: 7
=================================================================
[2023-04-02 13:49:58] Error text: Cannot declare class vendor\core\ErrorHandler, because the name is already in use | File: C:\OSPanel\domains\framework\vendor\core\errorHandler.php | 
            Line: 7
=================================================================
[2023-04-02 13:50:14] Error text: Cannot declare class vendor\core\ErrorHandler, because the name is already in use | File: C:\OSPanel\domains\framework\vendor\core\errorHandler.php | 
            Line: 7
=================================================================
[2023-04-02 13:50:34] Error text: Cannot declare class vendor\core\ErrorHandler, because the name is already in use | File: C:\OSPanel\domains\framework\vendor\core\errorHandler.php | 
            Line: 7
=================================================================
[2023-04-02 13:51:45] Error text: Cannot declare class vendor\core\ErrorHandler, because the name is already in use | File: C:\OSPanel\domains\framework\vendor\core\ErrorHandler.php | 
            Line: 7
=================================================================
[2023-04-02 13:52:33] Error text: Cannot declare class vendor\core\ErrorHandler, because the name is already in use | File: C:\OSPanel\domains\framework\vendor\core\ErrorHandler.php | 
            Line: 7
=================================================================
[2023-04-02 13:53:12] Error text: Cannot declare class vendor\core\ErrorHandler, because the name is already in use | File: C:\OSPanel\domains\framework\vendor\core\ErrorHandler.php | 
            Line: 7
=================================================================
[2023-04-02 13:53:56] Error text: Cannot declare class vendor\core\ErrorHandler, because the name is already in use | File: C:\OSPanel\domains\framework\vendor\core\ErrorHandler.php | 
            Line: 7
=================================================================
[2023-04-02 13:54:35] Error text: syntax error, unexpected variable "$posts" | File: C:\OSPanel\domains\framework\app\controllers\MainController.php | 
            Line: 20
=================================================================
[2023-04-02 13:54:50] Error text: Cannot declare class vendor\core\ErrorHandler, because the name is already in use | File: C:\OSPanel\domains\framework\vendor\core\ErrorHandler.php | 
            Line: 7
=================================================================
[2023-04-02 13:58:00] Error text: Cannot declare class vendor\core\ErrorHandler, because the name is already in use | File: C:\OSPanel\domains\framework\vendor\core\ErrorHandler.php | 
            Line: 5
=================================================================
[2023-04-02 14:02:49] Error text: include(../vendor/core/errorHandler.php): Failed to open stream: No such file or directory | File: C:\OSPanel\domains\framework\app\controllers\MainController.php | 
            Line: 13
=================================================================
[2023-04-02 14:03:39] Error text: Cannot declare class vendor\core\ErrorHandler, because the name is already in use | File: C:\OSPanel\domains\framework\vendor\core\ErrorHandler.php | 
            Line: 5
=================================================================
[2023-04-02 14:06:57] Error text: include(../vendor/core/ErrorHandler.php): Failed to open stream: No such file or directory | File: C:\OSPanel\domains\framework\app\controllers\MainController.php | 
            Line: 13
=================================================================
[2023-04-02 14:07:36] Error text: syntax error, unexpected token "if" | File: C:\OSPanel\domains\framework\app\controllers\MainController.php | 
            Line: 21
=================================================================
[2023-04-02 14:12:17] Error text: Контроллер <b>app\controllers\BootstrapController</b> не найден | File: C:\OSPanel\domains\framework\vendor\core\router.php | 
            Line: 86
=================================================================
[2023-04-02 14:12:17] Error text: Контроллер <b>app\controllers\BootstrapController</b> не найден | File: C:\OSPanel\domains\framework\vendor\core\router.php | 
            Line: 86
=================================================================
[2023-04-02 14:12:23] Error text: Контроллер <b>app\controllers\DController</b> не найден | File: C:\OSPanel\domains\framework\vendor\core\router.php | 
            Line: 86
=================================================================
[2023-04-02 14:13:06] Error text: Контроллер <b>app\controllers\DController</b> не найден | File: C:\OSPanel\domains\framework\vendor\core\router.php | 
            Line: 86
=================================================================
[2023-04-02 14:15:10] Error text: Контроллер <b>app\controllers\FaviconController</b> не найден | File: C:\OSPanel\domains\framework\vendor\core\router.php | 
            Line: 86
=================================================================
[2023-04-02 14:15:17] Error text: Контроллер <b>app\controllers\AsdasdController</b> не найден | File: C:\OSPanel\domains\framework\vendor\core\router.php | 
            Line: 86
=================================================================
[2023-04-02 14:15:25] Error text: Контроллер <b>app\controllers\AsdasdController</b> не найден | File: C:\OSPanel\domains\framework\vendor\core\router.php | 
            Line: 86
=================================================================
[2023-04-02 14:15:28] Error text: Контроллер <b>app\controllers\AsdasdController</b> не найден | File: C:\OSPanel\domains\framework\vendor\core\router.php | 
            Line: 86
=================================================================
[2023-04-02 14:15:29] Error text: Контроллер <b>app\controllers\AsdasdController</b> не найден | File: C:\OSPanel\domains\framework\vendor\core\router.php | 
            Line: 86
=================================================================
[2023-04-02 14:15:29] Error text: Контроллер <b>app\controllers\AsdasdController</b> не найден | File: C:\OSPanel\domains\framework\vendor\core\router.php | 
            Line: 86
=================================================================
[2023-04-02 14:15:29] Error text: Контроллер <b>app\controllers\AsdasdController</b> не найден | File: C:\OSPanel\domains\framework\vendor\core\router.php | 
            Line: 86
=================================================================
[2023-04-02 14:15:29] Error text: Контроллер <b>app\controllers\AsdasdController</b> не найден | File: C:\OSPanel\domains\framework\vendor\core\router.php | 
            Line: 86
=================================================================
[2023-04-02 14:15:30] Error text: Контроллер <b>app\controllers\AsdasdController</b> не найден | File: C:\OSPanel\domains\framework\vendor\core\router.php | 
            Line: 86
=================================================================
[2023-04-02 14:15:42] Error text: Контроллер <b>app\controllers\AsdasdController</b> не найден | File: C:\OSPanel\domains\framework\vendor\core\router.php | 
            Line: 86
=================================================================
[2023-04-02 14:15:43] Error text: Контроллер <b>app\controllers\AsdasdController</b> не найден | File: C:\OSPanel\domains\framework\vendor\core\router.php | 
            Line: 86
=================================================================
[2023-04-02 14:15:43] Error text: Контроллер <b>app\controllers\AsdasdController</b> не найден | File: C:\OSPanel\domains\framework\vendor\core\router.php | 
            Line: 86
=================================================================
[2023-04-02 14:15:43] Error text: Контроллер <b>app\controllers\AsdasdController</b> не найден | File: C:\OSPanel\domains\framework\vendor\core\router.php | 
            Line: 86
=================================================================
[2023-04-02 14:15:43] Error text: Контроллер <b>app\controllers\AsdasdController</b> не найден | File: C:\OSPanel\domains\framework\vendor\core\router.php | 
            Line: 86
=================================================================
[2023-04-02 14:16:06] Error text: Контроллер <b>app\controllers\AsdasdController</b> не найден | File: C:\OSPanel\domains\framework\vendor\core\router.php | 
            Line: 86
=================================================================
[2023-04-02 14:20:56] Error text: Контроллер <b>app\controllers\AsdasdController</b> не найден | File: C:\OSPanel\domains\framework\vendor\core\router.php | 
            Line: 86
=================================================================
[2023-04-02 14:21:00] Error text: Контроллер <b>app\controllers\FaviconController</b> не найден | File: C:\OSPanel\domains\framework\vendor\core\router.php | 
            Line: 86
=================================================================
[2023-04-02 15:16:09] Error text: Контроллер <b>app\controllers\BootstrapController</b> не найден | File: C:\OSPanel\domains\framework\vendor\core\router.php | 
            Line: 86
=================================================================
[2023-04-02 15:16:09] Error text: Контроллер <b>app\controllers\BootstrapController</b> не найден | File: C:\OSPanel\domains\framework\vendor\core\router.php | 
            Line: 86
=================================================================
[2023-04-02 15:16:10] Error text: Контроллер <b>app\controllers\FaviconController</b> не найден | File: C:\OSPanel\domains\framework\vendor\core\router.php | 
            Line: 86
=================================================================
[2023-04-02 17:49:07] Error text: Контроллер <b>app\controllers\FaviconController</b> не найден | File: C:\OSPanel\domains\framework\vendor\core\router.php | 
            Line: 86
=================================================================
[2023-04-02 18:47:13] Error text: Контроллер <b>app\controllers\FaviconController</b> не найден | File: C:\OSPanel\domains\framework\vendor\core\router.php | 
            Line: 86
=================================================================
[2023-04-03 15:57:14] Error text: Контроллер <b>app\controllers\BootstrapController</b> не найден | File: C:\OSPanel\domains\framework\vendor\core\router.php | 
            Line: 86
=================================================================
[2023-04-03 15:57:15] Error text: Контроллер <b>app\controllers\FaviconController</b> не найден | File: C:\OSPanel\domains\framework\vendor\core\router.php | 
            Line: 86
=================================================================
[2023-04-03 16:02:51] Error text: Контроллер <b>app\controllers\AdminController</b> не найден | File: C:\OSPanel\domains\framework\vendor\core\router.php | 
            Line: 86
=================================================================
[2023-04-03 16:03:25] Error text: Контроллер <b>app\controllers\AdminController</b> не найден | File: C:\OSPanel\domains\framework\vendor\core\router.php | 
            Line: 86
=================================================================
[2023-04-03 16:03:46] Error text: Контроллер <b>app\controllers\AdminController</b> не найден | File: C:\OSPanel\domains\framework\vendor\core\router.php | 
            Line: 86
=================================================================
[2023-04-03 16:04:12] Error text: Контроллер <b>app\controllers\AdminController</b> не найден | File: C:\OSPanel\domains\framework\vendor\core\router.php | 
            Line: 86
=================================================================
[2023-04-03 16:05:33] Error text: Контроллер <b>app\controllers\AdminController</b> не найден | File: C:\OSPanel\domains\framework\vendor\core\router.php | 
            Line: 86
=================================================================
[2023-04-03 16:08:51] Error text: Контроллер <b>app\controllers\AdminController</b> не найден | File: C:\OSPanel\domains\framework\vendor\core\router.php | 
            Line: 86
=================================================================
[2023-04-03 16:56:39] Error text: Контроллер <b>app\controllers\AdminController</b> не найден | File: C:\OSPanel\domains\framework\vendor\core\router.php | 
            Line: 87
=================================================================
[2023-04-03 16:57:12] Error text: Контроллер <b>app\controllers\AdminController</b> не найден | File: C:\OSPanel\domains\framework\vendor\core\router.php | 
            Line: 86
=================================================================
[2023-04-03 16:59:08] Error text: Контроллер <b>app\controllers\AdminController</b> не найден | File: C:\OSPanel\domains\framework\vendor\core\router.php | 
            Line: 86
=================================================================
[2023-04-03 16:59:28] Error text: Контроллер <b>app\controllers\TestController</b> не найден | File: C:\OSPanel\domains\framework\vendor\core\router.php | 
            Line: 86
=================================================================
[2023-04-03 17:00:05] Error text: Контроллер <b>app\controllers\TestController</b> не найден | File: C:\OSPanel\domains\framework\vendor\core\router.php | 
            Line: 86
=================================================================
[2023-04-03 17:07:44] Error text: Контроллер <b>app\controllers\TestController</b> не найден | File: C:\OSPanel\domains\framework\vendor\core\router.php | 
            Line: 89
=================================================================
[2023-04-03 17:08:18] Error text: Контроллер <b>app\controllers\TestController</b> не найден | File: C:\OSPanel\domains\framework\vendor\core\router.php | 
            Line: 89
=================================================================
[2023-04-03 17:10:45] Error text: Контроллер <b>app\controllers\TestController</b> не найден | File: C:\OSPanel\domains\framework\vendor\core\router.php | 
            Line: 91
=================================================================
[2023-04-03 17:11:12] Error text: Контроллер <b>app\controllers\TestController</b> не найден | File: C:\OSPanel\domains\framework\vendor\core\router.php | 
            Line: 91
=================================================================
[2023-04-03 17:12:53] Error text: Контроллер <b>app\controllers\admin\TestController</b> не найден | File: C:\OSPanel\domains\framework\vendor\core\router.php | 
            Line: 91
=================================================================
[2023-04-03 17:13:03] Error text: Контроллер <b>app\controllers\BootstrapController</b> не найден | File: C:\OSPanel\domains\framework\vendor\core\router.php | 
            Line: 91
=================================================================
[2023-04-03 17:13:03] Error text: Контроллер <b>app\controllers\BootstrapController</b> не найден | File: C:\OSPanel\domains\framework\vendor\core\router.php | 
            Line: 91
=================================================================
[2023-04-03 17:25:05] Error text: Контроллер <b>app\controllers\BootstrapController</b> не найден | File: C:\OSPanel\domains\framework\vendor\core\router.php | 
            Line: 90
=================================================================
[2023-04-03 17:25:05] Error text: Контроллер <b>app\controllers\BootstrapController</b> не найден | File: C:\OSPanel\domains\framework\vendor\core\router.php | 
            Line: 90
=================================================================
[2023-04-03 17:26:25] Error text: Контроллер <b>app\controllers\BootstrapController</b> не найден | File: C:\OSPanel\domains\framework\vendor\core\router.php | 
            Line: 90
=================================================================
[2023-04-03 17:26:25] Error text: Контроллер <b>app\controllers\BootstrapController</b> не найден | File: C:\OSPanel\domains\framework\vendor\core\router.php | 
            Line: 90
=================================================================
[2023-04-03 17:29:04] Error text: Контроллер <b>app\controllers\BootstrapController</b> не найден | File: C:\OSPanel\domains\framework\vendor\core\router.php | 
            Line: 90
=================================================================
[2023-04-03 17:29:12] Error text: Контроллер <b>app\controllers\BootstrapController</b> не найден | File: C:\OSPanel\domains\framework\vendor\core\router.php | 
            Line: 90
=================================================================
[2023-04-03 17:31:13] Error text: <p>view not found: C:\OSPanel\domains\framework/app/views/admin\Test/index.php</p> | File: C:\OSPanel\domains\framework\vendor\core\base\View.php | 
            Line: 45
=================================================================
[2023-04-03 17:34:22] Error text: Контроллер <b>app\controllers\BootstrapController</b> не найден | File: C:\OSPanel\domains\framework\vendor\core\router.php | 
            Line: 90
=================================================================
[2023-04-03 17:34:22] Error text: Контроллер <b>app\controllers\BootstrapController</b> не найден | File: C:\OSPanel\domains\framework\vendor\core\router.php | 
            Line: 90
=================================================================
[2023-04-03 17:34:43] Error text: Контроллер <b>app\controllers\BootstrapController</b> не найден | File: C:\OSPanel\domains\framework\vendor\core\router.php | 
            Line: 90
=================================================================
[2023-04-03 17:34:44] Error text: Контроллер <b>app\controllers\BootstrapController</b> не найден | File: C:\OSPanel\domains\framework\vendor\core\router.php | 
            Line: 90
=================================================================
[2023-04-03 17:52:39] Error text: Контроллер <b>app\controllers\BootstrapController</b> не найден | File: C:\OSPanel\domains\framework\vendor\core\router.php | 
            Line: 90
=================================================================
[2023-04-03 17:52:40] Error text: Контроллер <b>app\controllers\FaviconController</b> не найден | File: C:\OSPanel\domains\framework\vendor\core\router.php | 
            Line: 90
=================================================================
[2023-04-03 17:52:46] Error text: Контроллер <b>app\controllers\BootstrapController</b> не найден | File: C:\OSPanel\domains\framework\vendor\core\router.php | 
            Line: 90
=================================================================
[2023-04-03 17:52:47] Error text: Контроллер <b>app\controllers\BootstrapController</b> не найден | File: C:\OSPanel\domains\framework\vendor\core\router.php | 
            Line: 90
=================================================================
[2023-04-04 17:29:15] Error text: Контроллер <b>app\controllers\BootstrapController</b> не найден | File: C:\OSPanel\domains\framework\vendor\core\router.php | 
            Line: 90
=================================================================
[2023-04-04 17:29:15] Error text: Контроллер <b>app\controllers\BootstrapController</b> не найден | File: C:\OSPanel\domains\framework\vendor\core\router.php | 
            Line: 90
=================================================================
[2023-04-04 17:29:17] Error text: Контроллер <b>app\controllers\FaviconController</b> не найден | File: C:\OSPanel\domains\framework\vendor\core\router.php | 
            Line: 90
=================================================================
[2023-04-04 17:29:25] Error text: Контроллер <b>app\controllers\BootstrapController</b> не найден | File: C:\OSPanel\domains\framework\vendor\core\router.php | 
            Line: 90
=================================================================
[2023-04-04 17:29:33] Error text: Контроллер <b>app\controllers\BootstrapController</b> не найден | File: C:\OSPanel\domains\framework\vendor\core\router.php | 
            Line: 90
=================================================================
[2023-04-04 17:29:35] Error text: Контроллер <b>app\controllers\BootstrapController</b> не найден | File: C:\OSPanel\domains\framework\vendor\core\router.php | 
            Line: 90
=================================================================
[2023-04-05 15:58:06] Error text: Контроллер <b>app\controllers\BootstrapController</b> не найден | File: C:\OSPanel\domains\framework\vendor\core\router.php | 
            Line: 90
=================================================================
[2023-04-05 15:58:07] Error text: Контроллер <b>app\controllers\FaviconController</b> не найден | File: C:\OSPanel\domains\framework\vendor\core\router.php | 
            Line: 90
=================================================================
[2023-04-05 16:25:12] Error text: Контроллер <b>app\controllers\BootstrapController</b> не найден | File: C:\OSPanel\domains\framework\vendor\core\router.php | 
            Line: 90
=================================================================
[2023-04-05 16:25:13] Error text: Контроллер <b>app\controllers\FaviconController</b> не найден | File: C:\OSPanel\domains\framework\vendor\core\router.php | 
            Line: 90
=================================================================
[2023-04-05 16:25:28] Error text: Контроллер <b>app\controllers\BootstrapController</b> не найден | File: C:\OSPanel\domains\framework\vendor\core\router.php | 
            Line: 90
=================================================================
[2023-04-05 16:26:45] Error text: Контроллер <b>app\controllers\BootstrapController</b> не найден | File: C:\OSPanel\domains\framework\vendor\core\router.php | 
            Line: 90
=================================================================
[2023-04-05 16:26:46] Error text: Контроллер <b>app\controllers\BootstrapController</b> не найден | File: C:\OSPanel\domains\framework\vendor\core\router.php | 
            Line: 90
=================================================================
[2023-04-05 16:28:09] Error text: Контроллер <b>app\controllers\BootstrapController</b> не найден | File: C:\OSPanel\domains\framework\vendor\core\router.php | 
            Line: 90
=================================================================
[2023-04-05 16:28:10] Error text: Контроллер <b>app\controllers\FaviconController</b> не найден | File: C:\OSPanel\domains\framework\vendor\core\router.php | 
            Line: 90
=================================================================
[2023-04-05 16:28:28] Error text: Контроллер <b>app\controllers\BootstrapController</b> не найден | File: C:\OSPanel\domains\framework\vendor\core\router.php | 
            Line: 90
=================================================================
[2023-04-05 16:29:22] Error text: Контроллер <b>app\controllers\BootstrapController</b> не найден | File: C:\OSPanel\domains\framework\vendor\core\router.php | 
            Line: 90
=================================================================
[2023-04-05 16:36:38] Error text: Контроллер <b>app\controllers\admin\UserController</b> не найден | File: C:\OSPanel\domains\framework\vendor\core\router.php | 
            Line: 90
=================================================================
[2023-04-05 16:36:39] Error text: Контроллер <b>app\controllers\FaviconController</b> не найден | File: C:\OSPanel\domains\framework\vendor\core\router.php | 
            Line: 90
=================================================================
[2023-04-05 16:37:43] Error text: <p>view not found: C:\OSPanel\domains\framework/app/views/admin\Admin/index.php</p> | File: C:\OSPanel\domains\framework\vendor\core\base\View.php | 
            Line: 45
=================================================================
[2023-04-05 16:43:42] Error text: Контроллер <b>app\controllers\\AdminController</b> не найден | File: C:\OSPanel\domains\framework\vendor\core\router.php | 
            Line: 90
=================================================================
[2023-04-05 16:44:33] Error text: Контроллер <b>app\controllers\\AdminController</b> не найден | File: C:\OSPanel\domains\framework\vendor\core\router.php | 
            Line: 90
=================================================================
[2023-04-05 16:45:07] Error text: Контроллер <b>app\controllers\AdminController</b> не найден | File: C:\OSPanel\domains\framework\vendor\core\router.php | 
            Line: 90
=================================================================
[2023-04-05 16:45:51] Error text: <p>view not found: C:\OSPanel\domains\framework/app/views/Admin/index.php</p> | File: C:\OSPanel\domains\framework\vendor\core\base\View.php | 
            Line: 45
=================================================================
[2023-04-05 16:46:32] Error text: require(C:\OSPanel\domains\framework/app/views/Admin/index.php): Failed to open stream: No such file or directory | File: C:\OSPanel\domains\framework\vendor\core\base\View.php | 
            Line: 43
=================================================================
[2023-04-05 16:49:36] Error text: <p>view not found: C:\OSPanel\domains\framework/app/views/admin/index.php</p> | File: C:\OSPanel\domains\framework\vendor\core\base\View.php | 
            Line: 46
=================================================================
[2023-04-05 16:49:37] Error text: Контроллер <b>app\controllers\FaviconController</b> не найден | File: C:\OSPanel\domains\framework\vendor\core\router.php | 
            Line: 90
=================================================================
[2023-04-05 16:52:46] Error text: <p>view not found: C:\OSPanel\domains\framework/app/views/admin\Admin/index.php</p> | File: C:\OSPanel\domains\framework\vendor\core\base\View.php | 
            Line: 45
=================================================================
[2023-04-05 16:54:12] Error text: Контроллер <b>app\controllers\BootstrapController</b> не найден | File: C:\OSPanel\domains\framework\vendor\core\router.php | 
            Line: 90
=================================================================
[2023-04-05 16:54:12] Error text: Контроллер <b>app\controllers\BootstrapController</b> не найден | File: C:\OSPanel\domains\framework\vendor\core\router.php | 
            Line: 90
=================================================================
[2023-04-05 16:54:17] Error text: Контроллер <b>app\controllers\BootstrapController</b> не найден | File: C:\OSPanel\domains\framework\vendor\core\router.php | 
            Line: 90
=================================================================
[2023-04-05 16:54:24] Error text: Контроллер <b>app\controllers\BootstrapController</b> не найден | File: C:\OSPanel\domains\framework\vendor\core\router.php | 
            Line: 90
=================================================================
[2023-04-05 16:54:24] Error text: Контроллер <b>app\controllers\BootstrapController</b> не найден | File: C:\OSPanel\domains\framework\vendor\core\router.php | 
            Line: 90
=================================================================
[2023-04-05 16:54:25] Error text: Контроллер <b>app\controllers\BootstrapController</b> не найден | File: C:\OSPanel\domains\framework\vendor\core\router.php | 
            Line: 90
=================================================================
[2023-04-05 16:54:25] Error text: Контроллер <b>app\controllers\BootstrapController</b> не найден | File: C:\OSPanel\domains\framework\vendor\core\router.php | 
            Line: 90
=================================================================
[2023-04-05 16:54:27] Error text: Контроллер <b>app\controllers\BootstrapController</b> не найден | File: C:\OSPanel\domains\framework\vendor\core\router.php | 
            Line: 90
=================================================================
[2023-04-05 16:54:49] Error text: Контроллер <b>app\controllers\BootstrapController</b> не найден | File: C:\OSPanel\domains\framework\vendor\core\router.php | 
            Line: 90
=================================================================
[2023-04-05 16:54:50] Error text: Контроллер <b>app\controllers\BootstrapController</b> не найден | File: C:\OSPanel\domains\framework\vendor\core\router.php | 
            Line: 90
=================================================================
[2023-04-05 16:54:50] Error text: Контроллер <b>app\controllers\BootstrapController</b> не найден | File: C:\OSPanel\domains\framework\vendor\core\router.php | 
            Line: 90
=================================================================
[2023-04-05 16:56:37] Error text: Контроллер <b>app\controllers\BootstrapController</b> не найден | File: C:\OSPanel\domains\framework\vendor\core\router.php | 
            Line: 90
=================================================================
[2023-04-05 16:56:38] Error text: Контроллер <b>app\controllers\FaviconController</b> не найден | File: C:\OSPanel\domains\framework\vendor\core\router.php | 
            Line: 90
=================================================================
[2023-04-05 16:56:46] Error text: Контроллер <b>app\controllers\BootstrapController</b> не найден | File: C:\OSPanel\domains\framework\vendor\core\router.php | 
            Line: 90
=================================================================
[2023-04-05 16:56:51] Error text: Контроллер <b>app\controllers\BootstrapController</b> не найден | File: C:\OSPanel\domains\framework\vendor\core\router.php | 
            Line: 90
=================================================================
[2023-04-05 16:57:05] Error text: Контроллер <b>app\controllers\BootstrapController</b> не найден | File: C:\OSPanel\domains\framework\vendor\core\router.php | 
            Line: 90
=================================================================
[2023-04-05 16:57:16] Error text: Контроллер <b>app\controllers\FaviconController</b> не найден | File: C:\OSPanel\domains\framework\vendor\core\router.php | 
            Line: 90
=================================================================
[2023-04-05 16:58:40] Error text: Контроллер <b>app\controllers\BootstrapController</b> не найден | File: C:\OSPanel\domains\framework\vendor\core\router.php | 
            Line: 90
=================================================================
[2023-04-05 16:58:46] Error text: Контроллер <b>app\controllers\BootstrapController</b> не найден | File: C:\OSPanel\domains\framework\vendor\core\router.php | 
            Line: 90
=================================================================
[2023-04-05 17:02:53] Error text: Контроллер <b>app\controllers\BootstrapController</b> не найден | File: C:\OSPanel\domains\framework\vendor\core\router.php | 
            Line: 90
=================================================================
[2023-04-05 17:02:54] Error text: Контроллер <b>app\controllers\BootstrapController</b> не найден | File: C:\OSPanel\domains\framework\vendor\core\router.php | 
            Line: 90
=================================================================
[2023-04-05 17:02:55] Error text: Контроллер <b>app\controllers\BootstrapController</b> не найден | File: C:\OSPanel\domains\framework\vendor\core\router.php | 
            Line: 90
=================================================================
[2023-04-05 17:02:55] Error text: Контроллер <b>app\controllers\BootstrapController</b> не найден | File: C:\OSPanel\domains\framework\vendor\core\router.php | 
            Line: 90
=================================================================
[2023-04-05 17:02:57] Error text: Контроллер <b>app\controllers\BootstrapController</b> не найден | File: C:\OSPanel\domains\framework\vendor\core\router.php | 
            Line: 90
=================================================================
[2023-04-05 17:02:59] Error text: Контроллер <b>app\controllers\BootstrapController</b> не найден | File: C:\OSPanel\domains\framework\vendor\core\router.php | 
            Line: 90
=================================================================
[2023-04-05 17:04:48] Error text: Контроллер <b>app\controllers\BootstrapController</b> не найден | File: C:\OSPanel\domains\framework\vendor\core\router.php | 
            Line: 90
=================================================================
[2023-04-05 17:04:50] Error text: Контроллер <b>app\controllers\FaviconController</b> не найден | File: C:\OSPanel\domains\framework\vendor\core\router.php | 
            Line: 90
=================================================================
[2023-04-05 17:05:48] Error text: Контроллер <b>app\controllers\BootstrapController</b> не найден | File: C:\OSPanel\domains\framework\vendor\core\router.php | 
            Line: 90
=================================================================
[2023-04-05 17:05:48] Error text: Контроллер <b>app\controllers\BootstrapController</b> не найден | File: C:\OSPanel\domains\framework\vendor\core\router.php | 
            Line: 90
=================================================================
[2023-04-05 17:37:05] Error text: Контроллер <b>app\controllers\BootstrapController</b> не найден | File: C:\OSPanel\domains\framework\vendor\core\router.php | 
            Line: 90
=================================================================
[2023-04-05 17:37:05] Error text: Контроллер <b>app\controllers\BootstrapController</b> не найден | File: C:\OSPanel\domains\framework\vendor\core\router.php | 
            Line: 90
=================================================================
[2023-04-05 18:57:17] Error text: Контроллер <b>app\controllers\FaviconController</b> не найден | File: C:\OSPanel\domains\framework\vendor\core\router.php | 
            Line: 90
=================================================================
[2023-04-06 16:05:41] Error text: Контроллер <b>app\controllers\BootstrapController</b> не найден | File: C:\OSPanel\domains\framework\vendor\core\router.php | 
            Line: 90
=================================================================
[2023-04-06 16:05:43] Error text: Контроллер <b>app\controllers\FaviconController</b> не найден | File: C:\OSPanel\domains\framework\vendor\core\router.php | 
            Line: 90
=================================================================
[2023-04-06 16:17:04] Error text: Контроллер <b>app\controllers\BootstrapController</b> не найден | File: C:\OSPanel\domains\framework\vendor\core\router.php | 
            Line: 90
=================================================================
[2023-04-06 16:17:05] Error text: Контроллер <b>app\controllers\FaviconController</b> не найден | File: C:\OSPanel\domains\framework\vendor\core\router.php | 
            Line: 90
=================================================================
[2023-04-06 16:29:28] Error text: Метод <b>app\controllers\UserController::indexAction</b> не найден | File: C:\OSPanel\domains\framework\vendor\core\router.php | 
            Line: 85
=================================================================
[2023-04-06 16:37:28] Error text: Контроллер <b>app\controllers\BootstrapController</b> не найден | File: C:\OSPanel\domains\framework\vendor\core\router.php | 
            Line: 90
=================================================================
[2023-04-06 16:47:45] Error text: Контроллер <b>app\controllers\BootstrapController</b> не найден | File: C:\OSPanel\domains\framework\vendor\core\router.php | 
            Line: 90
=================================================================
[2023-04-06 16:47:46] Error text: Контроллер <b>app\controllers\BootstrapController</b> не найден | File: C:\OSPanel\domains\framework\vendor\core\router.php | 
            Line: 90
=================================================================
[2023-04-06 16:47:57] Error text: Контроллер <b>app\controllers\BootstrapController</b> не найден | File: C:\OSPanel\domains\framework\vendor\core\router.php | 
            Line: 90
=================================================================
[2023-04-06 16:47:58] Error text: Контроллер <b>app\controllers\BootstrapController</b> не найден | File: C:\OSPanel\domains\framework\vendor\core\router.php | 
            Line: 90
=================================================================
[2023-04-06 16:47:59] Error text: Контроллер <b>app\controllers\BootstrapController</b> не найден | File: C:\OSPanel\domains\framework\vendor\core\router.php | 
            Line: 90
=================================================================
[2023-04-06 16:48:17] Error text: Контроллер <b>app\controllers\BootstrapController</b> не найден | File: C:\OSPanel\domains\framework\vendor\core\router.php | 
            Line: 90
=================================================================
[2023-04-06 16:48:17] Error text: Контроллер <b>app\controllers\BootstrapController</b> не найден | File: C:\OSPanel\domains\framework\vendor\core\router.php | 
            Line: 90
=================================================================
[2023-04-06 16:50:35] Error text: Контроллер <b>app\controllers\BootstrapController</b> не найден | File: C:\OSPanel\domains\framework\vendor\core\router.php | 
            Line: 90
=================================================================
[2023-04-06 16:50:36] Error text: Контроллер <b>app\controllers\BootstrapController</b> не найден | File: C:\OSPanel\domains\framework\vendor\core\router.php | 
            Line: 90
=================================================================
[2023-04-06 16:50:47] Error text: Контроллер <b>app\controllers\BootstrapController</b> не найден | File: C:\OSPanel\domains\framework\vendor\core\router.php | 
            Line: 90
=================================================================
[2023-04-06 16:50:48] Error text: Контроллер <b>app\controllers\BootstrapController</b> не найден | File: C:\OSPanel\domains\framework\vendor\core\router.php | 
            Line: 90
=================================================================
[2023-04-06 16:51:26] Error text: Контроллер <b>app\controllers\BootstrapController</b> не найден | File: C:\OSPanel\domains\framework\vendor\core\router.php | 
            Line: 90
=================================================================
[2023-04-06 16:51:26] Error text: Контроллер <b>app\controllers\BootstrapController</b> не найден | File: C:\OSPanel\domains\framework\vendor\core\router.php | 
            Line: 90
=================================================================
[2023-04-06 16:52:05] Error text: Контроллер <b>app\controllers\BootstrapController</b> не найден | File: C:\OSPanel\domains\framework\vendor\core\router.php | 
            Line: 90
=================================================================
[2023-04-06 16:52:06] Error text: Контроллер <b>app\controllers\BootstrapController</b> не найден | File: C:\OSPanel\domains\framework\vendor\core\router.php | 
            Line: 90
=================================================================
[2023-04-06 16:52:07] Error text: Контроллер <b>app\controllers\BootstrapController</b> не найден | File: C:\OSPanel\domains\framework\vendor\core\router.php | 
            Line: 90
=================================================================
[2023-04-06 16:52:44] Error text: Контроллер <b>app\controllers\BootstrapController</b> не найден | File: C:\OSPanel\domains\framework\vendor\core\router.php | 
            Line: 90
=================================================================
[2023-04-06 16:52:45] Error text: Контроллер <b>app\controllers\BootstrapController</b> не найден | File: C:\OSPanel\domains\framework\vendor\core\router.php | 
            Line: 90
=================================================================
[2023-04-06 16:52:52] Error text: Контроллер <b>app\controllers\BootstrapController</b> не найден | File: C:\OSPanel\domains\framework\vendor\core\router.php | 
            Line: 90
=================================================================
[2023-04-06 16:52:53] Error text: Контроллер <b>app\controllers\BootstrapController</b> не найден | File: C:\OSPanel\domains\framework\vendor\core\router.php | 
            Line: 90
=================================================================
[2023-04-06 16:52:54] Error text: Контроллер <b>app\controllers\BootstrapController</b> не найден | File: C:\OSPanel\domains\framework\vendor\core\router.php | 
            Line: 90
=================================================================
[2023-04-06 16:55:10] Error text: Контроллер <b>app\controllers\BootstrapController</b> не найден | File: C:\OSPanel\domains\framework\vendor\core\router.php | 
            Line: 90
=================================================================
[2023-04-06 16:55:10] Error text: Контроллер <b>app\controllers\BootstrapController</b> не найден | File: C:\OSPanel\domains\framework\vendor\core\router.php | 
            Line: 90
=================================================================
[2023-04-06 16:55:12] Error text: Контроллер <b>app\controllers\BootstrapController</b> не найден | File: C:\OSPanel\domains\framework\vendor\core\router.php | 
            Line: 90
=================================================================
[2023-04-06 16:58:15] Error text: Контроллер <b>app\controllers\BootstrapController</b> не найден | File: C:\OSPanel\domains\framework\vendor\core\router.php | 
            Line: 90
=================================================================
[2023-04-06 16:58:16] Error text: Контроллер <b>app\controllers\BootstrapController</b> не найден | File: C:\OSPanel\domains\framework\vendor\core\router.php | 
            Line: 90
=================================================================
[2023-04-06 16:58:50] Error text: Контроллер <b>app\controllers\BootstrapController</b> не найден | File: C:\OSPanel\domains\framework\vendor\core\router.php | 
            Line: 90
=================================================================
[2023-04-06 16:58:50] Error text: Контроллер <b>app\controllers\BootstrapController</b> не найден | File: C:\OSPanel\domains\framework\vendor\core\router.php | 
            Line: 90
=================================================================
[2023-04-06 16:58:52] Error text: Контроллер <b>app\controllers\BootstrapController</b> не найден | File: C:\OSPanel\domains\framework\vendor\core\router.php | 
            Line: 90
=================================================================
[2023-04-06 17:01:47] Error text: Контроллер <b>app\controllers\BootstrapController</b> не найден | File: C:\OSPanel\domains\framework\vendor\core\router.php | 
            Line: 90
=================================================================
[2023-04-06 17:01:48] Error text: Контроллер <b>app\controllers\BootstrapController</b> не найден | File: C:\OSPanel\domains\framework\vendor\core\router.php | 
            Line: 90
=================================================================
[2023-04-06 17:19:45] Error text: SQLSTATE[23000]: Integrity constraint violation: 1062 Duplicate entry 'user2' for key 'users.login' | File: C:\OSPanel\domains\framework\vendor\libs\rb-mysql.php | 
            Line: 838
=================================================================
[2023-04-06 17:20:37] Error text: Контроллер <b>app\controllers\BootstrapController</b> не найден | File: C:\OSPanel\domains\framework\vendor\core\router.php | 
            Line: 90
=================================================================
[2023-04-06 17:20:38] Error text: Контроллер <b>app\controllers\BootstrapController</b> не найден | File: C:\OSPanel\domains\framework\vendor\core\router.php | 
            Line: 90
=================================================================
[2023-04-06 17:21:14] Error text: SQLSTATE[23000]: Integrity constraint violation: 1062 Duplicate entry 'user2' for key 'users.login' | File: C:\OSPanel\domains\framework\vendor\libs\rb-mysql.php | 
            Line: 838
=================================================================
[2023-04-06 17:22:14] Error text: Контроллер <b>app\controllers\BootstrapController</b> не найден | File: C:\OSPanel\domains\framework\vendor\core\router.php | 
            Line: 90
=================================================================
[2023-04-06 17:22:15] Error text: Контроллер <b>app\controllers\BootstrapController</b> не найден | File: C:\OSPanel\domains\framework\vendor\core\router.php | 
            Line: 90
=================================================================
[2023-04-06 17:22:16] Error text: Контроллер <b>app\controllers\BootstrapController</b> не найден | File: C:\OSPanel\domains\framework\vendor\core\router.php | 
            Line: 90
=================================================================
[2023-04-06 17:22:29] Error text: SQLSTATE[23000]: Integrity constraint violation: 1062 Duplicate entry 'user2' for key 'users.login' | File: C:\OSPanel\domains\framework\vendor\libs\rb-mysql.php | 
            Line: 838
=================================================================
[2023-04-06 17:23:02] Error text: Контроллер <b>app\controllers\BootstrapController</b> не найден | File: C:\OSPanel\domains\framework\vendor\core\router.php | 
            Line: 90
=================================================================
[2023-04-06 17:23:02] Error text: Контроллер <b>app\controllers\BootstrapController</b> не найден | File: C:\OSPanel\domains\framework\vendor\core\router.php | 
            Line: 90
=================================================================
[2023-04-06 17:24:01] Error text: Контроллер <b>app\controllers\BootstrapController</b> не найден | File: C:\OSPanel\domains\framework\vendor\core\router.php | 
            Line: 90
=================================================================
[2023-04-06 17:24:01] Error text: Контроллер <b>app\controllers\BootstrapController</b> не найден | File: C:\OSPanel\domains\framework\vendor\core\router.php | 
            Line: 90
=================================================================
[2023-04-06 17:24:13] Error text: SQLSTATE[42000]: Syntax error or access violation: 1064 You have an error in your SQL syntax; check the manual that corresponds to your MySQL server version for the right syntax to use near ''asd2@sadaw.com' LIMIT 1  -- keep-cache' at line 1 | File: C:\OSPanel\domains\framework\vendor\libs\rb-mysql.php | 
            Line: 838
=================================================================
[2023-04-06 17:24:51] Error text: Контроллер <b>app\controllers\BootstrapController</b> не найден | File: C:\OSPanel\domains\framework\vendor\core\router.php | 
            Line: 90
=================================================================
[2023-04-06 17:24:52] Error text: Контроллер <b>app\controllers\BootstrapController</b> не найден | File: C:\OSPanel\domains\framework\vendor\core\router.php | 
            Line: 90
=================================================================
[2023-04-06 17:24:53] Error text: Контроллер <b>app\controllers\BootstrapController</b> не найден | File: C:\OSPanel\domains\framework\vendor\core\router.php | 
            Line: 90
=================================================================
[2023-04-06 17:25:01] Error text: SQLSTATE[42000]: Syntax error or access violation: 1064 You have an error in your SQL syntax; check the manual that corresponds to your MySQL server version for the right syntax to use near ''asd@asdsd.com' LIMIT 1  -- keep-cache' at line 1 | File: C:\OSPanel\domains\framework\vendor\libs\rb-mysql.php | 
            Line: 838
=================================================================
[2023-04-06 17:27:39] Error text: Контроллер <b>app\controllers\BootstrapController</b> не найден | File: C:\OSPanel\domains\framework\vendor\core\router.php | 
            Line: 90
=================================================================
[2023-04-06 17:27:40] Error text: Контроллер <b>app\controllers\BootstrapController</b> не найден | File: C:\OSPanel\domains\framework\vendor\core\router.php | 
            Line: 90
=================================================================
[2023-04-06 17:27:46] Error text: SQLSTATE[42000]: Syntax error or access violation: 1064 You have an error in your SQL syntax; check the manual that corresponds to your MySQL server version for the right syntax to use near ''asd@asdsd.com' LIMIT 1  -- keep-cache' at line 1 | File: C:\OSPanel\domains\framework\vendor\libs\rb-mysql.php | 
            Line: 838
=================================================================
[2023-04-06 17:46:25] Error text: Контроллер <b>app\controllers\BootstrapController</b> не найден | File: C:\OSPanel\domains\framework\vendor\core\router.php | 
            Line: 90
=================================================================
[2023-04-06 17:46:26] Error text: Контроллер <b>app\controllers\BootstrapController</b> не найден | File: C:\OSPanel\domains\framework\vendor\core\router.php | 
            Line: 90
=================================================================
[2023-04-06 17:46:43] Error text: SQLSTATE[23000]: Integrity constraint violation: 1062 Duplicate entry 'user2' for key 'users.login' | File: C:\OSPanel\domains\framework\vendor\libs\rb-mysql.php | 
            Line: 838
=================================================================
[2023-04-06 17:47:09] Error text: Контроллер <b>app\controllers\BootstrapController</b> не найден | File: C:\OSPanel\domains\framework\vendor\core\router.php | 
            Line: 90
=================================================================
[2023-04-06 17:47:09] Error text: Контроллер <b>app\controllers\BootstrapController</b> не найден | File: C:\OSPanel\domains\framework\vendor\core\router.php | 
            Line: 90
=================================================================
[2023-04-06 17:47:09] Error text: Контроллер <b>app\controllers\BootstrapController</b> не найден | File: C:\OSPanel\domains\framework\vendor\core\router.php | 
            Line: 90
=================================================================
[2023-04-06 17:47:38] Error text: Контроллер <b>app\controllers\BootstrapController</b> не найден | File: C:\OSPanel\domains\framework\vendor\core\router.php | 
            Line: 90
=================================================================
[2023-04-06 17:47:38] Error text: Контроллер <b>app\controllers\BootstrapController</b> не найден | File: C:\OSPanel\domains\framework\vendor\core\router.php | 
            Line: 90
=================================================================
[2023-04-06 17:47:39] Error text: Контроллер <b>app\controllers\BootstrapController</b> не найден | File: C:\OSPanel\domains\framework\vendor\core\router.php | 
            Line: 90
=================================================================
[2023-04-06 17:48:11] Error text: Контроллер <b>app\controllers\BootstrapController</b> не найден | File: C:\OSPanel\domains\framework\vendor\core\router.php | 
            Line: 90
=================================================================
[2023-04-06 17:48:12] Error text: Контроллер <b>app\controllers\BootstrapController</b> не найден | File: C:\OSPanel\domains\framework\vendor\core\router.php | 
            Line: 90
=================================================================
[2023-04-06 17:48:13] Error text: Контроллер <b>app\controllers\BootstrapController</b> не найден | File: C:\OSPanel\domains\framework\vendor\core\router.php | 
            Line: 90
=================================================================
[2023-04-06 17:48:20] Error text: Контроллер <b>app\controllers\BootstrapController</b> не найден | File: C:\OSPanel\domains\framework\vendor\core\router.php | 
            Line: 90
=================================================================
[2023-04-06 17:48:21] Error text: Контроллер <b>app\controllers\BootstrapController</b> не найден | File: C:\OSPanel\domains\framework\vendor\core\router.php | 
            Line: 90
=================================================================
